<?xml version="1.0" encoding="UTF-8"?>
<coverage generated="1670325568574" clover="3.2.0">
  <project timestamp="1670325568574" name="All files">
    <metrics statements="22" coveredstatements="14" conditionals="4" coveredconditionals="3" methods="8" coveredmethods="5" elements="34" coveredelements="22" complexity="0" loc="22" ncloc="22" packages="2" files="2" classes="2"/>
    <package name="days">
      <metrics statements="14" coveredstatements="9" conditionals="2" coveredconditionals="2" methods="5" coveredmethods="4"/>
      <file name="day06.js" path="/Users/jordi.nebot/Code/advent-of-code/2022/src/days/day06.js">
        <metrics statements="14" coveredstatements="9" conditionals="2" coveredconditionals="2" methods="5" coveredmethods="4"/>
        <line num="3" count="1" type="stmt"/>
        <line num="4" count="1" type="stmt"/>
        <line num="7" count="79" type="stmt"/>
        <line num="11" count="10" type="stmt"/>
        <line num="12" count="79" type="stmt"/>
        <line num="13" count="79" type="cond" truecount="2" falsecount="0"/>
        <line num="14" count="10" type="stmt"/>
        <line num="17" count="0" type="stmt"/>
        <line num="21" count="5" type="stmt"/>
        <line num="25" count="5" type="stmt"/>
        <line num="29" count="0" type="stmt"/>
        <line num="31" count="0" type="stmt"/>
        <line num="32" count="0" type="stmt"/>
        <line num="33" count="0" type="stmt"/>
      </file>
    </package>
    <package name="tools">
      <metrics statements="8" coveredstatements="5" conditionals="2" coveredconditionals="1" methods="3" coveredmethods="1"/>
      <file name="data.js" path="/Users/jordi.nebot/Code/advent-of-code/2022/src/tools/data.js">
        <metrics statements="8" coveredstatements="5" conditionals="2" coveredconditionals="1" methods="3" coveredmethods="1"/>
        <line num="4" count="1" type="stmt"/>
        <line num="5" count="1" type="stmt"/>
        <line num="6" count="1" type="stmt"/>
        <line num="7" count="1" type="stmt"/>
        <line num="9" count="0" type="stmt"/>
        <line num="11" count="1" type="stmt"/>
        <line num="15" count="0" type="stmt"/>
        <line num="16" count="0" type="stmt"/>
      </file>
    </package>
  </project>
</coverage>
