{"/Users/jordi.nebot/Code/advent-of-code/2022/src/days/day06.js": {"path":"/Users/jordi.nebot/Code/advent-of-code/2022/src/days/day06.js","statementMap":{"0":{"start":{"line":3,"column":29},"end":{"line":3,"column":30}},"1":{"start":{"line":4,"column":30},"end":{"line":4,"column":32}},"2":{"start":{"line":7,"column":1},"end":{"line":7,"column":46}},"3":{"start":{"line":11,"column":1},"end":{"line":16,"column":2}},"4":{"start":{"line":11,"column":14},"end":{"line":11,"column":18}},"5":{"start":{"line":12,"column":20},"end":{"line":12,"column":48}},"6":{"start":{"line":13,"column":2},"end":{"line":15,"column":3}},"7":{"start":{"line":14,"column":3},"end":{"line":14,"column":12}},"8":{"start":{"line":17,"column":1},"end":{"line":17,"column":18}},"9":{"start":{"line":21,"column":1},"end":{"line":21,"column":47}},"10":{"start":{"line":25,"column":1},"end":{"line":25,"column":48}},"11":{"start":{"line":29,"column":14},"end":{"line":29,"column":47}},"12":{"start":{"line":31,"column":1},"end":{"line":31,"column":28}},"13":{"start":{"line":32,"column":1},"end":{"line":32,"column":43}},"14":{"start":{"line":33,"column":1},"end":{"line":33,"column":43}}},"fnMap":{"0":{"name":"isMarker","decl":{"start":{"line":6,"column":16},"end":{"line":6,"column":24}},"loc":{"start":{"line":6,"column":38},"end":{"line":8,"column":1}},"line":6},"1":{"name":"findMarker","decl":{"start":{"line":10,"column":16},"end":{"line":10,"column":26}},"loc":{"start":{"line":10,"column":40},"end":{"line":18,"column":1}},"line":10},"2":{"name":"part01","decl":{"start":{"line":20,"column":16},"end":{"line":20,"column":22}},"loc":{"start":{"line":20,"column":30},"end":{"line":22,"column":1}},"line":20},"3":{"name":"part02","decl":{"start":{"line":24,"column":16},"end":{"line":24,"column":22}},"loc":{"start":{"line":24,"column":30},"end":{"line":26,"column":1}},"line":24},"4":{"name":"day06","decl":{"start":{"line":28,"column":22},"end":{"line":28,"column":27}},"loc":{"start":{"line":28,"column":30},"end":{"line":34,"column":1}},"line":28}},"branchMap":{"0":{"loc":{"start":{"line":13,"column":2},"end":{"line":15,"column":3}},"type":"if","locations":[{"start":{"line":13,"column":2},"end":{"line":15,"column":3}},{"start":{},"end":{}}],"line":13}},"s":{"0":1,"1":1,"2":79,"3":10,"4":10,"5":79,"6":79,"7":10,"8":0,"9":5,"10":5,"11":0,"12":0,"13":0,"14":0},"f":{"0":79,"1":10,"2":5,"3":5,"4":0},"b":{"0":[10,69]},"_coverageSchema":"1a1c01bbd47fc00a2c39e90264f33305004495a9","hash":"68821f4c09e09749db6c9fd0c24af39b25735668"}
,"/Users/jordi.nebot/Code/advent-of-code/2022/src/tools/data.js": {"path":"/Users/jordi.nebot/Code/advent-of-code/2022/src/tools/data.js","statementMap":{"0":{"start":{"line":4,"column":14},"end":{"line":4,"column":23}},"1":{"start":{"line":5,"column":1},"end":{"line":10,"column":2}},"2":{"start":{"line":6,"column":2},"end":{"line":6,"column":36}},"3":{"start":{"line":7,"column":2},"end":{"line":7,"column":42}},"4":{"start":{"line":9,"column":2},"end":{"line":9,"column":23}},"5":{"start":{"line":11,"column":1},"end":{"line":11,"column":15}},"6":{"start":{"line":15,"column":16},"end":{"line":15,"column":50}},"7":{"start":{"line":16,"column":1},"end":{"line":16,"column":43}},"8":{"start":{"line":16,"column":26},"end":{"line":16,"column":41}}},"fnMap":{"0":{"name":"readStrings","decl":{"start":{"line":3,"column":22},"end":{"line":3,"column":33}},"loc":{"start":{"line":3,"column":58},"end":{"line":12,"column":1}},"line":3},"1":{"name":"readNumbers","decl":{"start":{"line":14,"column":22},"end":{"line":14,"column":33}},"loc":{"start":{"line":14,"column":58},"end":{"line":17,"column":1}},"line":14},"2":{"name":"(anonymous_2)","decl":{"start":{"line":16,"column":19},"end":{"line":16,"column":20}},"loc":{"start":{"line":16,"column":26},"end":{"line":16,"column":41}},"line":16}},"branchMap":{"0":{"loc":{"start":{"line":3,"column":44},"end":{"line":3,"column":56}},"type":"default-arg","locations":[{"start":{"line":3,"column":52},"end":{"line":3,"column":56}}],"line":3},"1":{"loc":{"start":{"line":14,"column":44},"end":{"line":14,"column":56}},"type":"default-arg","locations":[{"start":{"line":14,"column":52},"end":{"line":14,"column":56}}],"line":14}},"s":{"0":1,"1":1,"2":1,"3":1,"4":0,"5":1,"6":0,"7":0,"8":0},"f":{"0":1,"1":0,"2":0},"b":{"0":[1],"1":[0]},"_coverageSchema":"1a1c01bbd47fc00a2c39e90264f33305004495a9","hash":"52139a9565bd08e73805e2eb80d15c73546c2e29"}
}
