TN:
SF:src/days/day06.js
FN:6,isMarker
FN:10,findMarker
FN:20,part01
FN:24,part02
FN:28,day06
FNF:5
FNH:4
FNDA:79,isMarker
FNDA:10,findMarker
FNDA:5,part01
FNDA:5,part02
FNDA:0,day06
DA:3,1
DA:4,1
DA:7,79
DA:11,10
DA:12,79
DA:13,79
DA:14,10
DA:17,0
DA:21,5
DA:25,5
DA:29,0
DA:31,0
DA:32,0
DA:33,0
LF:14
LH:9
BRDA:13,0,0,10
BRDA:13,0,1,69
BRF:2
BRH:2
end_of_record
TN:
SF:src/tools/data.js
FN:3,readStrings
FN:14,readNumbers
FN:16,(anonymous_2)
FNF:3
FNH:1
FNDA:1,readStrings
FNDA:0,readNumbers
FNDA:0,(anonymous_2)
DA:4,1
DA:5,1
DA:6,1
DA:7,1
DA:9,0
DA:11,1
DA:15,0
DA:16,0
LF:8
LH:5
BRDA:3,0,0,1
BRDA:14,1,0,0
BRF:2
BRH:1
end_of_record
